{
"contracts\\BasicDutchAuction.sol":{"l":{"20":3,"21":3,"22":3,"23":3,"24":3,"26":3,"33":2,"34":2,"35":0,"37":2,"43":1,"46":1,"48":1,"51":1,"53":1,"61":0,"62":0,"64":0},"path":"S:\\INFO-7500\\info7500\\v1.0\\contracts\\BasicDutchAuction.sol","s":{"1":3,"2":3,"3":3,"4":3,"5":3,"6":3,"7":2,"8":2,"9":0,"10":2,"11":1,"12":1,"13":1,"14":1,"15":1,"16":0,"17":0,"18":0},"b":{"1":[0,2],"2":[1,0],"3":[1,0],"4":[0,1]},"f":{"1":3,"2":2,"3":1},"fnMap":{"1":{"name":"constructor","line":15,"loc":{"start":{"line":15,"column":4},"end":{"line":29,"column":4}}},"2":{"name":"getCurrentPrice","line":32,"loc":{"start":{"line":32,"column":4},"end":{"line":39,"column":4}}},"3":{"name":"bid","line":41,"loc":{"start":{"line":41,"column":4},"end":{"line":65,"column":4}}}},"statementMap":{"1":{"start":{"line":20,"column":8},"end":{"line":20,"column":34}},"2":{"start":{"line":21,"column":8},"end":{"line":21,"column":35}},"3":{"start":{"line":22,"column":8},"end":{"line":22,"column":51}},"4":{"start":{"line":23,"column":8},"end":{"line":23,"column":49}},"5":{"start":{"line":24,"column":8},"end":{"line":24,"column":32}},"6":{"start":{"line":26,"column":8},"end":{"line":26,"column":797}},"7":{"start":{"line":33,"column":8},"end":{"line":33,"column":57}},"8":{"start":{"line":34,"column":8},"end":{"line":34,"column":1057}},"9":{"start":{"line":35,"column":12},"end":{"line":35,"column":31}},"10":{"start":{"line":37,"column":12},"end":{"line":37,"column":71}},"11":{"start":{"line":43,"column":8},"end":{"line":43,"column":69}},"12":{"start":{"line":46,"column":8},"end":{"line":46,"column":57}},"13":{"start":{"line":48,"column":8},"end":{"line":48,"column":72}},"14":{"start":{"line":51,"column":8},"end":{"line":51,"column":48}},"15":{"start":{"line":53,"column":8},"end":{"line":53,"column":1892}},"16":{"start":{"line":61,"column":8},"end":{"line":61,"column":26}},"17":{"start":{"line":62,"column":8},"end":{"line":62,"column":32}},"18":{"start":{"line":64,"column":8},"end":{"line":64,"column":21}}},"branchMap":{"1":{"line":34,"type":"if","locations":[{"start":{"line":34,"column":8},"end":{"line":34,"column":8}},{"start":{"line":34,"column":8},"end":{"line":34,"column":8}}]},"2":{"line":43,"type":"if","locations":[{"start":{"line":43,"column":8},"end":{"line":43,"column":8}},{"start":{"line":43,"column":8},"end":{"line":43,"column":8}}]},"3":{"line":48,"type":"if","locations":[{"start":{"line":48,"column":8},"end":{"line":48,"column":8}},{"start":{"line":48,"column":8},"end":{"line":48,"column":8}}]},"4":{"line":53,"type":"if","locations":[{"start":{"line":53,"column":8},"end":{"line":53,"column":8}},{"start":{"line":53,"column":8},"end":{"line":53,"column":8}}]}}}}
