{"contracts\\BasicDutchAuction.sol":{"l":{"20":3,"21":3,"22":3,"23":3,"24":3,"26":3,"33":8,"34":8,"35":2,"37":6,"43":6,"46":5,"48":5,"51":4,"53":4,"61":2,"62":2,"64":2},"path":"S:\\INFO-7500\\info7500\\v1.0\\contracts\\BasicDutchAuction.sol","s":{"1":3,"2":3,"3":3,"4":3,"5":3,"6":3,"7":8,"8":8,"9":2,"10":6,"11":6,"12":5,"13":5,"14":4,"15":4,"16":2,"17":2,"18":2},"b":{"1":[2,6],"2":[5,1],"3":[4,1],"4":[2,2]},"f":{"1":3,"2":8,"3":6},"fnMap":{"1":{"name":"constructor","line":15,"loc":{"start":{"line":15,"column":4},"end":{"line":29,"column":4}}},"2":{"name":"getCurrentPrice","line":32,"loc":{"start":{"line":32,"column":4},"end":{"line":39,"column":4}}},"3":{"name":"bid","line":41,"loc":{"start":{"line":41,"column":4},"end":{"line":65,"column":4}}}},"statementMap":{"1":{"start":{"line":20,"column":8},"end":{"line":20,"column":34}},"2":{"start":{"line":21,"column":8},"end":{"line":21,"column":35}},"3":{"start":{"line":22,"column":8},"end":{"line":22,"column":51}},"4":{"start":{"line":23,"column":8},"end":{"line":23,"column":49}},"5":{"start":{"line":24,"column":8},"end":{"line":24,"column":32}},"6":{"start":{"line":26,"column":8},"end":{"line":26,"column":797}},"7":{"start":{"line":33,"column":8},"end":{"line":33,"column":57}},"8":{"start":{"line":34,"column":8},"end":{"line":34,"column":1057}},"9":{"start":{"line":35,"column":12},"end":{"line":35,"column":31}},"10":{"start":{"line":37,"column":12},"end":{"line":37,"column":71}},"11":{"start":{"line":43,"column":8},"end":{"line":43,"column":69}},"12":{"start":{"line":46,"column":8},"end":{"line":46,"column":57}},"13":{"start":{"line":48,"column":8},"end":{"line":48,"column":72}},"14":{"start":{"line":51,"column":8},"end":{"line":51,"column":48}},"15":{"start":{"line":53,"column":8},"end":{"line":53,"column":1892}},"16":{"start":{"line":61,"column":8},"end":{"line":61,"column":26}},"17":{"start":{"line":62,"column":8},"end":{"line":62,"column":32}},"18":{"start":{"line":64,"column":8},"end":{"line":64,"column":21}}},"branchMap":{"1":{"line":34,"type":"if","locations":[{"start":{"line":34,"column":8},"end":{"line":34,"column":8}},{"start":{"line":34,"column":8},"end":{"line":34,"column":8}}]},"2":{"line":43,"type":"if","locations":[{"start":{"line":43,"column":8},"end":{"line":43,"column":8}},{"start":{"line":43,"column":8},"end":{"line":43,"column":8}}]},"3":{"line":48,"type":"if","locations":[{"start":{"line":48,"column":8},"end":{"line":48,"column":8}},{"start":{"line":48,"column":8},"end":{"line":48,"column":8}}]},"4":{"line":53,"type":"if","locations":[{"start":{"line":53,"column":8},"end":{"line":53,"column":8}},{"start":{"line":53,"column":8},"end":{"line":53,"column":8}}]}}}}