{"contracts\\NFTDutchAuction.sol":{"l":{"27":4,"29":4,"30":4,"31":4,"32":4,"33":4,"35":4,"37":4,"42":3,"43":3,"50":9,"51":9,"52":2,"54":7,"60":8,"63":7,"69":6,"71":6,"79":4,"80":4,"81":4,"83":4},"path":"S:\\INFO-7500\\info7500\\v2.0\\contracts\\NFTDutchAuction.sol","s":{"1":4,"2":9,"3":9,"4":2,"5":7,"6":8,"7":7,"8":6,"9":6,"10":4,"11":4,"12":4},"b":{"1":[3,1],"2":[2,7],"3":[7,1],"4":[6,1],"5":[4,2]},"f":{"1":4,"2":9,"3":8},"fnMap":{"1":{"name":"constructor","line":20,"loc":{"start":{"line":20,"column":4},"end":{"line":46,"column":4}}},"2":{"name":"getCurrentPrice","line":49,"loc":{"start":{"line":49,"column":4},"end":{"line":56,"column":4}}},"3":{"name":"bid","line":58,"loc":{"start":{"line":58,"column":4},"end":{"line":84,"column":4}}}},"statementMap":{"1":{"start":{"line":37,"column":8},"end":{"line":37,"column":1133}},"2":{"start":{"line":50,"column":8},"end":{"line":50,"column":57}},"3":{"start":{"line":51,"column":8},"end":{"line":51,"column":1634}},"4":{"start":{"line":52,"column":12},"end":{"line":52,"column":31}},"5":{"start":{"line":54,"column":12},"end":{"line":54,"column":71}},"6":{"start":{"line":60,"column":8},"end":{"line":60,"column":69}},"7":{"start":{"line":63,"column":8},"end":{"line":63,"column":2075}},"8":{"start":{"line":69,"column":8},"end":{"line":69,"column":48}},"9":{"start":{"line":71,"column":8},"end":{"line":71,"column":2409}},"10":{"start":{"line":80,"column":8},"end":{"line":80,"column":32}},"11":{"start":{"line":81,"column":8},"end":{"line":81,"column":50}},"12":{"start":{"line":83,"column":8},"end":{"line":83,"column":21}}},"branchMap":{"1":{"line":37,"type":"if","locations":[{"start":{"line":37,"column":8},"end":{"line":37,"column":8}},{"start":{"line":37,"column":8},"end":{"line":37,"column":8}}]},"2":{"line":51,"type":"if","locations":[{"start":{"line":51,"column":8},"end":{"line":51,"column":8}},{"start":{"line":51,"column":8},"end":{"line":51,"column":8}}]},"3":{"line":60,"type":"if","locations":[{"start":{"line":60,"column":8},"end":{"line":60,"column":8}},{"start":{"line":60,"column":8},"end":{"line":60,"column":8}}]},"4":{"line":63,"type":"if","locations":[{"start":{"line":63,"column":8},"end":{"line":63,"column":8}},{"start":{"line":63,"column":8},"end":{"line":63,"column":8}}]},"5":{"line":71,"type":"if","locations":[{"start":{"line":71,"column":8},"end":{"line":71,"column":8}},{"start":{"line":71,"column":8},"end":{"line":71,"column":8}}]}}},"contracts\\RandomMusicNFT.sol":{"l":{"18":9,"19":9,"20":9,"22":9,"23":9},"path":"S:\\INFO-7500\\info7500\\v2.0\\contracts\\RandomMusicNFT.sol","s":{"1":9,"2":9,"3":9,"4":9,"5":9},"b":{"1":[9,1]},"f":{"1":6,"2":9},"fnMap":{"1":{"name":"constructor","line":12,"loc":{"start":{"line":12,"column":4},"end":{"line":12,"column":52}}},"2":{"name":"mintNFT","line":17,"loc":{"start":{"line":14,"column":4},"end":{"line":24,"column":4}}}},"statementMap":{"1":{"start":{"line":18,"column":8},"end":{"line":18,"column":48}},"2":{"start":{"line":19,"column":8},"end":{"line":19,"column":35}},"3":{"start":{"line":20,"column":8},"end":{"line":20,"column":41}},"4":{"start":{"line":22,"column":8},"end":{"line":22,"column":28}},"5":{"start":{"line":23,"column":8},"end":{"line":23,"column":25}}},"branchMap":{"1":{"line":17,"type":"if","locations":[{"start":{"line":17,"column":13},"end":{"line":17,"column":13}},{"start":{"line":17,"column":13},"end":{"line":17,"column":13}}]}}}}