TN:
SF:S:\INFO-7500\info7500\v2.0\contracts\NFTDutchAuction.sol
FN:20,constructor
FN:49,getCurrentPrice
FN:58,bid
FNF:3
FNH:3
FNDA:4,constructor
FNDA:9,getCurrentPrice
FNDA:8,bid
DA:27,4
DA:29,4
DA:30,4
DA:31,4
DA:32,4
DA:33,4
DA:35,4
DA:37,4
DA:42,3
DA:43,3
DA:50,9
DA:51,9
DA:52,2
DA:54,7
DA:60,8
DA:63,7
DA:69,6
DA:71,6
DA:79,4
DA:80,4
DA:81,4
DA:83,4
LF:22
LH:22
BRDA:37,1,0,3
BRDA:37,1,1,1
BRDA:51,2,0,2
BRDA:51,2,1,7
BRDA:60,3,0,7
BRDA:60,3,1,1
BRDA:63,4,0,6
BRDA:63,4,1,1
BRDA:71,5,0,4
BRDA:71,5,1,2
BRF:10
BRH:10
end_of_record
TN:
SF:S:\INFO-7500\info7500\v2.0\contracts\RandomMusicNFT.sol
FN:12,constructor
FN:17,mintNFT
FNF:2
FNH:2
FNDA:6,constructor
FNDA:9,mintNFT
DA:18,9
DA:19,9
DA:20,9
DA:22,9
DA:23,9
LF:5
LH:5
BRDA:17,1,0,9
BRDA:17,1,1,1
BRF:2
BRH:2
end_of_record
